PREHOOK: query: create table smb_bucket_1_n4(key int, value string) CLUSTERED BY (key) SORTED BY (key) INTO 1 BUCKETS STORED AS RCFILE
PREHOOK: type: CREATETABLE
PREHOOK: Output: database:default
PREHOOK: Output: default@smb_bucket_1_n4
POSTHOOK: query: create table smb_bucket_1_n4(key int, value string) CLUSTERED BY (key) SORTED BY (key) INTO 1 BUCKETS STORED AS RCFILE
POSTHOOK: type: CREATETABLE
POSTHOOK: Output: database:default
POSTHOOK: Output: default@smb_bucket_1_n4
PREHOOK: query: create table smb_bucket_2_n4(key int, value string) CLUSTERED BY (key) SORTED BY (key) INTO 1 BUCKETS STORED AS RCFILE
PREHOOK: type: CREATETABLE
PREHOOK: Output: database:default
PREHOOK: Output: default@smb_bucket_2_n4
POSTHOOK: query: create table smb_bucket_2_n4(key int, value string) CLUSTERED BY (key) SORTED BY (key) INTO 1 BUCKETS STORED AS RCFILE
POSTHOOK: type: CREATETABLE
POSTHOOK: Output: database:default
POSTHOOK: Output: default@smb_bucket_2_n4
PREHOOK: query: create table smb_bucket_3_n4(key int, value string) CLUSTERED BY (key) SORTED BY (key) INTO 1 BUCKETS STORED AS RCFILE
PREHOOK: type: CREATETABLE
PREHOOK: Output: database:default
PREHOOK: Output: default@smb_bucket_3_n4
POSTHOOK: query: create table smb_bucket_3_n4(key int, value string) CLUSTERED BY (key) SORTED BY (key) INTO 1 BUCKETS STORED AS RCFILE
POSTHOOK: type: CREATETABLE
POSTHOOK: Output: database:default
POSTHOOK: Output: default@smb_bucket_3_n4
PREHOOK: query: load data local inpath '../../data/files/smb_rc1/000000_0' overwrite into table smb_bucket_1_n4
PREHOOK: type: LOAD
#### A masked pattern was here ####
PREHOOK: Output: default@smb_bucket_1_n4
POSTHOOK: query: load data local inpath '../../data/files/smb_rc1/000000_0' overwrite into table smb_bucket_1_n4
POSTHOOK: type: LOAD
#### A masked pattern was here ####
POSTHOOK: Output: default@smb_bucket_1_n4
PREHOOK: query: load data local inpath '../../data/files/smb_rc2/000000_0' overwrite into table smb_bucket_2_n4
PREHOOK: type: LOAD
#### A masked pattern was here ####
PREHOOK: Output: default@smb_bucket_2_n4
POSTHOOK: query: load data local inpath '../../data/files/smb_rc2/000000_0' overwrite into table smb_bucket_2_n4
POSTHOOK: type: LOAD
#### A masked pattern was here ####
POSTHOOK: Output: default@smb_bucket_2_n4
PREHOOK: query: load data local inpath '../../data/files/smb_rc3/000000_0' overwrite into table smb_bucket_3_n4
PREHOOK: type: LOAD
#### A masked pattern was here ####
PREHOOK: Output: default@smb_bucket_3_n4
POSTHOOK: query: load data local inpath '../../data/files/smb_rc3/000000_0' overwrite into table smb_bucket_3_n4
POSTHOOK: type: LOAD
#### A masked pattern was here ####
POSTHOOK: Output: default@smb_bucket_3_n4
Warning: Shuffle Join MERGEJOIN[28][tables = [$hdt$_0, $hdt$_1]] in Stage 'Reducer 2' is a cross product
Warning: Shuffle Join MERGEJOIN[29][tables = [$hdt$_2, $hdt$_3]] in Stage 'Reducer 5' is a cross product
Warning: Shuffle Join MERGEJOIN[30][tables = [$hdt$_0, $hdt$_1, $hdt$_2]] in Stage 'Reducer 3' is a cross product
PREHOOK: query: explain 
select * from (select a.key from smb_bucket_1_n4 a join smb_bucket_2_n4 b on (a.key = b.key) where a.key = 5) t1 left outer join (select c.key from smb_bucket_2_n4 c join smb_bucket_3_n4 d on (c.key = d.key) where c.key=5) t2 on (t1.key=t2.key) where t2.key=5
PREHOOK: type: QUERY
PREHOOK: Input: default@smb_bucket_1_n4
PREHOOK: Input: default@smb_bucket_2_n4
PREHOOK: Input: default@smb_bucket_3_n4
#### A masked pattern was here ####
POSTHOOK: query: explain 
select * from (select a.key from smb_bucket_1_n4 a join smb_bucket_2_n4 b on (a.key = b.key) where a.key = 5) t1 left outer join (select c.key from smb_bucket_2_n4 c join smb_bucket_3_n4 d on (c.key = d.key) where c.key=5) t2 on (t1.key=t2.key) where t2.key=5
POSTHOOK: type: QUERY
POSTHOOK: Input: default@smb_bucket_1_n4
POSTHOOK: Input: default@smb_bucket_2_n4
POSTHOOK: Input: default@smb_bucket_3_n4
#### A masked pattern was here ####
STAGE DEPENDENCIES:
  Stage-1 is a root stage
  Stage-0 depends on stages: Stage-1

STAGE PLANS:
  Stage: Stage-1
    Tez
#### A masked pattern was here ####
      Edges:
        Reducer 2 <- Map 1 (XPROD_EDGE), Map 4 (XPROD_EDGE)
        Reducer 3 <- Reducer 2 (XPROD_EDGE), Reducer 5 (XPROD_EDGE)
        Reducer 5 <- Map 4 (XPROD_EDGE), Map 6 (XPROD_EDGE)
#### A masked pattern was here ####
      Vertices:
        Map 1 
            Map Operator Tree:
                TableScan
                  alias: a
                  filterExpr: (key = 5) (type: boolean)
                  Statistics: Num rows: 1 Data size: 4 Basic stats: COMPLETE Column stats: NONE
                  Filter Operator
                    predicate: (key = 5) (type: boolean)
                    Statistics: Num rows: 1 Data size: 4 Basic stats: COMPLETE Column stats: NONE
                    Select Operator
                      Statistics: Num rows: 1 Data size: 4 Basic stats: COMPLETE Column stats: NONE
                      Reduce Output Operator
                        null sort order: 
                        sort order: 
                        Statistics: Num rows: 1 Data size: 4 Basic stats: COMPLETE Column stats: NONE
            Execution mode: vectorized, llap
            LLAP IO: no inputs
        Map 4 
            Map Operator Tree:
                TableScan
                  alias: b
                  filterExpr: (key = 5) (type: boolean)
                  Statistics: Num rows: 1 Data size: 4 Basic stats: COMPLETE Column stats: NONE
                  Filter Operator
                    predicate: (key = 5) (type: boolean)
                    Statistics: Num rows: 1 Data size: 4 Basic stats: COMPLETE Column stats: NONE
                    Select Operator
                      Statistics: Num rows: 1 Data size: 4 Basic stats: COMPLETE Column stats: NONE
                      Reduce Output Operator
                        null sort order: 
                        sort order: 
                        Statistics: Num rows: 1 Data size: 4 Basic stats: COMPLETE Column stats: NONE
                      Reduce Output Operator
                        null sort order: 
                        sort order: 
                        Statistics: Num rows: 1 Data size: 4 Basic stats: COMPLETE Column stats: NONE
            Execution mode: vectorized, llap
            LLAP IO: no inputs
        Map 6 
            Map Operator Tree:
                TableScan
                  alias: d
                  filterExpr: (key = 5) (type: boolean)
                  Statistics: Num rows: 1 Data size: 4 Basic stats: COMPLETE Column stats: NONE
                  Filter Operator
                    predicate: (key = 5) (type: boolean)
                    Statistics: Num rows: 1 Data size: 4 Basic stats: COMPLETE Column stats: NONE
                    Select Operator
                      Statistics: Num rows: 1 Data size: 4 Basic stats: COMPLETE Column stats: NONE
                      Reduce Output Operator
                        null sort order: 
                        sort order: 
                        Statistics: Num rows: 1 Data size: 4 Basic stats: COMPLETE Column stats: NONE
            Execution mode: vectorized, llap
            LLAP IO: no inputs
        Reducer 2 
            Execution mode: llap
            Reduce Operator Tree:
              Merge Join Operator
                condition map:
                     Inner Join 0 to 1
                keys:
                  0 
                  1 
                Statistics: Num rows: 1 Data size: 9 Basic stats: COMPLETE Column stats: NONE
                Reduce Output Operator
                  null sort order: 
                  sort order: 
                  Statistics: Num rows: 1 Data size: 9 Basic stats: COMPLETE Column stats: NONE
        Reducer 3 
            Execution mode: llap
            Reduce Operator Tree:
              Merge Join Operator
                condition map:
                     Inner Join 0 to 1
                keys:
                  0 
                  1 
                Statistics: Num rows: 1 Data size: 19 Basic stats: COMPLETE Column stats: NONE
                Select Operator
                  expressions: 5 (type: int), 5 (type: int)
                  outputColumnNames: _col0, _col1
                  Statistics: Num rows: 1 Data size: 19 Basic stats: COMPLETE Column stats: NONE
                  File Output Operator
                    compressed: false
                    Statistics: Num rows: 1 Data size: 19 Basic stats: COMPLETE Column stats: NONE
                    table:
                        input format: org.apache.hadoop.mapred.SequenceFileInputFormat
                        output format: org.apache.hadoop.hive.ql.io.HiveSequenceFileOutputFormat
                        serde: org.apache.hadoop.hive.serde2.lazy.LazySimpleSerDe
        Reducer 5 
            Execution mode: llap
            Reduce Operator Tree:
              Merge Join Operator
                condition map:
                     Inner Join 0 to 1
                keys:
                  0 
                  1 
                Statistics: Num rows: 1 Data size: 9 Basic stats: COMPLETE Column stats: NONE
                Reduce Output Operator
                  null sort order: 
                  sort order: 
                  Statistics: Num rows: 1 Data size: 9 Basic stats: COMPLETE Column stats: NONE

  Stage: Stage-0
    Fetch Operator
      limit: -1
      Processor Tree:
        ListSink

Warning: Map Join MAPJOIN[29][bigTable=?] in task 'Map 3' is a cross product
Warning: Map Join MAPJOIN[30][bigTable=?] in task 'Map 1' is a cross product
Warning: Map Join MAPJOIN[28][bigTable=?] in task 'Map 1' is a cross product
PREHOOK: query: explain 
select * from (select a.key from smb_bucket_1_n4 a join smb_bucket_2_n4 b on (a.key = b.key) where a.key = 5) t1 left outer join (select c.key from smb_bucket_2_n4 c join smb_bucket_3_n4 d on (c.key = d.key) where c.key=5) t2 on (t1.key=t2.key) where t2.key=5
PREHOOK: type: QUERY
PREHOOK: Input: default@smb_bucket_1_n4
PREHOOK: Input: default@smb_bucket_2_n4
PREHOOK: Input: default@smb_bucket_3_n4
#### A masked pattern was here ####
POSTHOOK: query: explain 
select * from (select a.key from smb_bucket_1_n4 a join smb_bucket_2_n4 b on (a.key = b.key) where a.key = 5) t1 left outer join (select c.key from smb_bucket_2_n4 c join smb_bucket_3_n4 d on (c.key = d.key) where c.key=5) t2 on (t1.key=t2.key) where t2.key=5
POSTHOOK: type: QUERY
POSTHOOK: Input: default@smb_bucket_1_n4
POSTHOOK: Input: default@smb_bucket_2_n4
POSTHOOK: Input: default@smb_bucket_3_n4
#### A masked pattern was here ####
STAGE DEPENDENCIES:
  Stage-1 is a root stage
  Stage-0 depends on stages: Stage-1

STAGE PLANS:
  Stage: Stage-1
    Tez
#### A masked pattern was here ####
      Edges:
        Map 1 <- Map 2 (BROADCAST_EDGE), Map 3 (BROADCAST_EDGE)
        Map 3 <- Map 4 (BROADCAST_EDGE)
#### A masked pattern was here ####
      Vertices:
        Map 1 
            Map Operator Tree:
                TableScan
                  alias: a
                  filterExpr: (key = 5) (type: boolean)
                  Statistics: Num rows: 1 Data size: 4 Basic stats: COMPLETE Column stats: NONE
                  Filter Operator
                    predicate: (key = 5) (type: boolean)
                    Statistics: Num rows: 1 Data size: 4 Basic stats: COMPLETE Column stats: NONE
                    Select Operator
                      Statistics: Num rows: 1 Data size: 4 Basic stats: COMPLETE Column stats: NONE
                      Map Join Operator
                        condition map:
                             Inner Join 0 to 1
                        keys:
                          0 
                          1 
                        input vertices:
                          1 Map 2
                        Statistics: Num rows: 1 Data size: 9 Basic stats: COMPLETE Column stats: NONE
                        Map Join Operator
                          condition map:
                               Inner Join 0 to 1
                          keys:
                            0 
                            1 
                          input vertices:
                            1 Map 3
                          Statistics: Num rows: 1 Data size: 19 Basic stats: COMPLETE Column stats: NONE
                          Select Operator
                            expressions: 5 (type: int), 5 (type: int)
                            outputColumnNames: _col0, _col1
                            Statistics: Num rows: 1 Data size: 19 Basic stats: COMPLETE Column stats: NONE
                            File Output Operator
                              compressed: false
                              Statistics: Num rows: 1 Data size: 19 Basic stats: COMPLETE Column stats: NONE
                              table:
                                  input format: org.apache.hadoop.mapred.SequenceFileInputFormat
                                  output format: org.apache.hadoop.hive.ql.io.HiveSequenceFileOutputFormat
                                  serde: org.apache.hadoop.hive.serde2.lazy.LazySimpleSerDe
            Execution mode: vectorized, llap
            LLAP IO: no inputs
        Map 2 
            Map Operator Tree:
                TableScan
                  alias: b
                  filterExpr: (key = 5) (type: boolean)
                  Statistics: Num rows: 1 Data size: 4 Basic stats: COMPLETE Column stats: NONE
                  Filter Operator
                    predicate: (key = 5) (type: boolean)
                    Statistics: Num rows: 1 Data size: 4 Basic stats: COMPLETE Column stats: NONE
                    Select Operator
                      Statistics: Num rows: 1 Data size: 4 Basic stats: COMPLETE Column stats: NONE
                      Reduce Output Operator
                        null sort order: 
                        sort order: 
                        Statistics: Num rows: 1 Data size: 4 Basic stats: COMPLETE Column stats: NONE
            Execution mode: vectorized, llap
            LLAP IO: no inputs
        Map 3 
            Map Operator Tree:
                TableScan
                  alias: c
                  filterExpr: (key = 5) (type: boolean)
                  Statistics: Num rows: 1 Data size: 4 Basic stats: COMPLETE Column stats: NONE
                  Filter Operator
                    predicate: (key = 5) (type: boolean)
                    Statistics: Num rows: 1 Data size: 4 Basic stats: COMPLETE Column stats: NONE
                    Select Operator
                      Statistics: Num rows: 1 Data size: 4 Basic stats: COMPLETE Column stats: NONE
                      Map Join Operator
                        condition map:
                             Inner Join 0 to 1
                        keys:
                          0 
                          1 
                        input vertices:
                          1 Map 4
                        Statistics: Num rows: 1 Data size: 9 Basic stats: COMPLETE Column stats: NONE
                        Reduce Output Operator
                          null sort order: 
                          sort order: 
                          Statistics: Num rows: 1 Data size: 9 Basic stats: COMPLETE Column stats: NONE
            Execution mode: vectorized, llap
            LLAP IO: no inputs
        Map 4 
            Map Operator Tree:
                TableScan
                  alias: d
                  filterExpr: (key = 5) (type: boolean)
                  Statistics: Num rows: 1 Data size: 4 Basic stats: COMPLETE Column stats: NONE
                  Filter Operator
                    predicate: (key = 5) (type: boolean)
                    Statistics: Num rows: 1 Data size: 4 Basic stats: COMPLETE Column stats: NONE
                    Select Operator
                      Statistics: Num rows: 1 Data size: 4 Basic stats: COMPLETE Column stats: NONE
                      Reduce Output Operator
                        null sort order: 
                        sort order: 
                        Statistics: Num rows: 1 Data size: 4 Basic stats: COMPLETE Column stats: NONE
            Execution mode: vectorized, llap
            LLAP IO: no inputs

  Stage: Stage-0
    Fetch Operator
      limit: -1
      Processor Tree:
        ListSink

Warning: Map Join MAPJOIN[29][bigTable=?] in task 'Map 3' is a cross product
Warning: Map Join MAPJOIN[30][bigTable=?] in task 'Map 1' is a cross product
Warning: Map Join MAPJOIN[28][bigTable=?] in task 'Map 1' is a cross product
PREHOOK: query: select * from (select a.key from smb_bucket_1_n4 a join smb_bucket_2_n4 b on (a.key = b.key) where a.key = 5) t1 left outer join (select c.key from smb_bucket_2_n4 c join smb_bucket_3_n4 d on (c.key = d.key) where c.key=5) t2 on (t1.key=t2.key) where t2.key=5
PREHOOK: type: QUERY
PREHOOK: Input: default@smb_bucket_1_n4
PREHOOK: Input: default@smb_bucket_2_n4
PREHOOK: Input: default@smb_bucket_3_n4
#### A masked pattern was here ####
POSTHOOK: query: select * from (select a.key from smb_bucket_1_n4 a join smb_bucket_2_n4 b on (a.key = b.key) where a.key = 5) t1 left outer join (select c.key from smb_bucket_2_n4 c join smb_bucket_3_n4 d on (c.key = d.key) where c.key=5) t2 on (t1.key=t2.key) where t2.key=5
POSTHOOK: type: QUERY
POSTHOOK: Input: default@smb_bucket_1_n4
POSTHOOK: Input: default@smb_bucket_2_n4
POSTHOOK: Input: default@smb_bucket_3_n4
#### A masked pattern was here ####
